INFO - 2023-12-06 14:21:23 --> Session: Class initialized using 'CodeIgniter\Session\Handlers\FileHandler' driver.
INFO - 2023-12-06 14:21:23 --> Session: Class initialized using 'CodeIgniter\Session\Handlers\FileHandler' driver.
CRITICAL - 2023-12-06 14:21:25 --> Undefined variable $mac
in APPPATH\Views\vinculacion.php on line 47.
 1 APPPATH\Views\vinculacion.php(47): CodeIgniter\Debug\Exceptions->errorHandler(2, 'Undefined variable $mac', 'C:\\xampp\\htdocs\\Lite_myc\\app\\Views\\vinculacion.php', 47)
 2 SYSTEMPATH\View\View.php(228): include('C:\\xampp\\htdocs\\Lite_myc\\app\\Views\\vinculacion.php')
 3 SYSTEMPATH\View\View.php(231): CodeIgniter\View\View->CodeIgniter\View\{closure}()
 4 SYSTEMPATH\Common.php(1190): CodeIgniter\View\View->render('vinculacion', [], true)
 5 APPPATH\Controllers\Login.php(21): view('vinculacion')
 6 SYSTEMPATH\CodeIgniter.php(942): App\Controllers\Login->vinculacion()
 7 SYSTEMPATH\CodeIgniter.php(502): CodeIgniter\CodeIgniter->runController(Object(App\Controllers\Login))
 8 SYSTEMPATH\CodeIgniter.php(361): CodeIgniter\CodeIgniter->handleRequest(null, Object(Config\Cache), false)
 9 FCPATH\index.php(79): CodeIgniter\CodeIgniter->run()
INFO - 2023-12-06 14:23:25 --> Session: Class initialized using 'CodeIgniter\Session\Handlers\FileHandler' driver.
INFO - 2023-12-06 14:23:26 --> Session: Class initialized using 'CodeIgniter\Session\Handlers\FileHandler' driver.
CRITICAL - 2023-12-06 14:23:28 --> Undefined variable $mac
in APPPATH\Views\vinculacion.php on line 48.
 1 APPPATH\Views\vinculacion.php(48): CodeIgniter\Debug\Exceptions->errorHandler(2, 'Undefined variable $mac', 'C:\\xampp\\htdocs\\Lite_myc\\app\\Views\\vinculacion.php', 48)
 2 SYSTEMPATH\View\View.php(228): include('C:\\xampp\\htdocs\\Lite_myc\\app\\Views\\vinculacion.php')
 3 SYSTEMPATH\View\View.php(231): CodeIgniter\View\View->CodeIgniter\View\{closure}()
 4 SYSTEMPATH\Common.php(1190): CodeIgniter\View\View->render('vinculacion', [], true)
 5 APPPATH\Controllers\Login.php(21): view('vinculacion')
 6 SYSTEMPATH\CodeIgniter.php(942): App\Controllers\Login->vinculacion()
 7 SYSTEMPATH\CodeIgniter.php(502): CodeIgniter\CodeIgniter->runController(Object(App\Controllers\Login))
 8 SYSTEMPATH\CodeIgniter.php(361): CodeIgniter\CodeIgniter->handleRequest(null, Object(Config\Cache), false)
 9 FCPATH\index.php(79): CodeIgniter\CodeIgniter->run()
INFO - 2023-12-06 14:24:01 --> Session: Class initialized using 'CodeIgniter\Session\Handlers\FileHandler' driver.
INFO - 2023-12-06 14:24:02 --> Session: Class initialized using 'CodeIgniter\Session\Handlers\FileHandler' driver.
CRITICAL - 2023-12-06 14:24:04 --> Undefined variable $data
in APPPATH\Views\vinculacion.php on line 48.
 1 APPPATH\Views\vinculacion.php(48): CodeIgniter\Debug\Exceptions->errorHandler(2, 'Undefined variable $data', 'C:\\xampp\\htdocs\\Lite_myc\\app\\Views\\vinculacion.php', 48)
 2 SYSTEMPATH\View\View.php(228): include('C:\\xampp\\htdocs\\Lite_myc\\app\\Views\\vinculacion.php')
 3 SYSTEMPATH\View\View.php(231): CodeIgniter\View\View->CodeIgniter\View\{closure}()
 4 SYSTEMPATH\Common.php(1190): CodeIgniter\View\View->render('vinculacion', [], true)
 5 APPPATH\Controllers\Login.php(21): view('vinculacion')
 6 SYSTEMPATH\CodeIgniter.php(942): App\Controllers\Login->vinculacion()
 7 SYSTEMPATH\CodeIgniter.php(502): CodeIgniter\CodeIgniter->runController(Object(App\Controllers\Login))
 8 SYSTEMPATH\CodeIgniter.php(361): CodeIgniter\CodeIgniter->handleRequest(null, Object(Config\Cache), false)
 9 FCPATH\index.php(79): CodeIgniter\CodeIgniter->run()
INFO - 2023-12-06 14:24:17 --> Session: Class initialized using 'CodeIgniter\Session\Handlers\FileHandler' driver.
INFO - 2023-12-06 14:24:18 --> Session: Class initialized using 'CodeIgniter\Session\Handlers\FileHandler' driver.
CRITICAL - 2023-12-06 14:24:21 --> Undefined variable $mac
in APPPATH\Views\vinculacion.php on line 48.
 1 APPPATH\Views\vinculacion.php(48): CodeIgniter\Debug\Exceptions->errorHandler(2, 'Undefined variable $mac', 'C:\\xampp\\htdocs\\Lite_myc\\app\\Views\\vinculacion.php', 48)
 2 SYSTEMPATH\View\View.php(228): include('C:\\xampp\\htdocs\\Lite_myc\\app\\Views\\vinculacion.php')
 3 SYSTEMPATH\View\View.php(231): CodeIgniter\View\View->CodeIgniter\View\{closure}()
 4 SYSTEMPATH\Common.php(1190): CodeIgniter\View\View->render('vinculacion', [], true)
 5 APPPATH\Controllers\Login.php(21): view('vinculacion')
 6 SYSTEMPATH\CodeIgniter.php(942): App\Controllers\Login->vinculacion()
 7 SYSTEMPATH\CodeIgniter.php(502): CodeIgniter\CodeIgniter->runController(Object(App\Controllers\Login))
 8 SYSTEMPATH\CodeIgniter.php(361): CodeIgniter\CodeIgniter->handleRequest(null, Object(Config\Cache), false)
 9 FCPATH\index.php(79): CodeIgniter\CodeIgniter->run()
INFO - 2023-12-06 14:26:27 --> Session: Class initialized using 'CodeIgniter\Session\Handlers\FileHandler' driver.
INFO - 2023-12-06 14:29:00 --> Session: Class initialized using 'CodeIgniter\Session\Handlers\FileHandler' driver.
INFO - 2023-12-06 14:29:16 --> Session: Class initialized using 'CodeIgniter\Session\Handlers\FileHandler' driver.
INFO - 2023-12-06 14:29:17 --> Session: Class initialized using 'CodeIgniter\Session\Handlers\FileHandler' driver.
INFO - 2023-12-06 14:35:46 --> Session: Class initialized using 'CodeIgniter\Session\Handlers\FileHandler' driver.
INFO - 2023-12-06 14:35:49 --> Session: Class initialized using 'CodeIgniter\Session\Handlers\FileHandler' driver.
INFO - 2023-12-06 14:35:59 --> Session: Class initialized using 'CodeIgniter\Session\Handlers\FileHandler' driver.
INFO - 2023-12-06 14:36:08 --> Session: Class initialized using 'CodeIgniter\Session\Handlers\FileHandler' driver.
INFO - 2023-12-06 14:36:08 --> Session: Class initialized using 'CodeIgniter\Session\Handlers\FileHandler' driver.
INFO - 2023-12-06 14:54:27 --> Session: Class initialized using 'CodeIgniter\Session\Handlers\FileHandler' driver.
INFO - 2023-12-06 14:54:29 --> Session: Class initialized using 'CodeIgniter\Session\Handlers\FileHandler' driver.
