CRITICAL - 2023-05-18 11:26:41 --> syntax error, unexpected variable "$session", expecting "function" or "const"
in APPPATH\Controllers\Home.php on line 10.
 1 SYSTEMPATH\Autoloader\Autoloader.php(289): CodeIgniter\Autoloader\Autoloader->includeFile('C:\\xampp\\htdocs\\lite_myc\\app\\Controllers\\Home.php')
 2 SYSTEMPATH\Autoloader\Autoloader.php(267): CodeIgniter\Autoloader\Autoloader->loadInNamespace('App\\Controllers\\Home')
 3 [internal function]: CodeIgniter\Autoloader\Autoloader->loadClass('App\\Controllers\\Home')
 4 SYSTEMPATH\CodeIgniter.php(892): class_exists('\\App\\Controllers\\Home', true)
 5 SYSTEMPATH\CodeIgniter.php(486): CodeIgniter\CodeIgniter->startController()
 6 SYSTEMPATH\CodeIgniter.php(368): CodeIgniter\CodeIgniter->handleRequest(null, Object(Config\Cache), false)
 7 FCPATH\index.php(67): CodeIgniter\CodeIgniter->run()
CRITICAL - 2023-05-18 11:32:44 --> syntax error, unexpected single-quoted string "password", expecting "]"
in APPPATH\Controllers\Home.php on line 23.
 1 SYSTEMPATH\Autoloader\Autoloader.php(289): CodeIgniter\Autoloader\Autoloader->includeFile('C:\\xampp\\htdocs\\lite_myc\\app\\Controllers\\Home.php')
 2 SYSTEMPATH\Autoloader\Autoloader.php(267): CodeIgniter\Autoloader\Autoloader->loadInNamespace('App\\Controllers\\Home')
 3 [internal function]: CodeIgniter\Autoloader\Autoloader->loadClass('App\\Controllers\\Home')
 4 SYSTEMPATH\CodeIgniter.php(892): class_exists('\\App\\Controllers\\Home', true)
 5 SYSTEMPATH\CodeIgniter.php(486): CodeIgniter\CodeIgniter->startController()
 6 SYSTEMPATH\CodeIgniter.php(368): CodeIgniter\CodeIgniter->handleRequest(null, Object(Config\Cache), false)
 7 FCPATH\index.php(67): CodeIgniter\CodeIgniter->run()
CRITICAL - 2023-05-18 11:32:52 --> syntax error, unexpected single-quoted string "password", expecting "]"
in APPPATH\Controllers\Home.php on line 23.
 1 SYSTEMPATH\Autoloader\Autoloader.php(289): CodeIgniter\Autoloader\Autoloader->includeFile('C:\\xampp\\htdocs\\lite_myc\\app\\Controllers\\Home.php')
 2 SYSTEMPATH\Autoloader\Autoloader.php(267): CodeIgniter\Autoloader\Autoloader->loadInNamespace('App\\Controllers\\Home')
 3 [internal function]: CodeIgniter\Autoloader\Autoloader->loadClass('App\\Controllers\\Home')
 4 SYSTEMPATH\CodeIgniter.php(892): class_exists('\\App\\Controllers\\Home', true)
 5 SYSTEMPATH\CodeIgniter.php(486): CodeIgniter\CodeIgniter->startController()
 6 SYSTEMPATH\CodeIgniter.php(368): CodeIgniter\CodeIgniter->handleRequest(null, Object(Config\Cache), false)
 7 FCPATH\index.php(67): CodeIgniter\CodeIgniter->run()
CRITICAL - 2023-05-18 11:42:38 --> Indirect modification of overloaded property App\Entities\User::$atributes has no effect
in APPPATH\Entities\User.php on line 10.
 1 APPPATH\Entities\User.php(10): CodeIgniter\Debug\Exceptions->errorHandler(8, 'Indirect modification of overloaded property App\\Entities\\User::$atributes has no effect', 'C:\\xampp\\htdocs\\lite_myc\\app\\Entities\\User.php', 10)
 2 SYSTEMPATH\Entity\Entity.php(453): App\Entities\User->setPassword('ladygaga123')
 3 SYSTEMPATH\Entity\Entity.php(140): CodeIgniter\Entity\Entity->__set('password', 'ladygaga123')
 4 SYSTEMPATH\Entity\Entity.php(121): CodeIgniter\Entity\Entity->fill([...])
 5 APPPATH\Controllers\Home.php(25): CodeIgniter\Entity\Entity->__construct([...])
 6 SYSTEMPATH\CodeIgniter.php(934): App\Controllers\Home->index()
 7 SYSTEMPATH\CodeIgniter.php(499): CodeIgniter\CodeIgniter->runController(Object(App\Controllers\Home))
 8 SYSTEMPATH\CodeIgniter.php(368): CodeIgniter\CodeIgniter->handleRequest(null, Object(Config\Cache), false)
 9 FCPATH\index.php(67): CodeIgniter\CodeIgniter->run()
CRITICAL - 2023-05-18 11:43:27 --> Indirect modification of overloaded property App\Entities\User::$atributes has no effect
in APPPATH\Entities\User.php on line 10.
 1 APPPATH\Entities\User.php(10): CodeIgniter\Debug\Exceptions->errorHandler(8, 'Indirect modification of overloaded property App\\Entities\\User::$atributes has no effect', 'C:\\xampp\\htdocs\\lite_myc\\app\\Entities\\User.php', 10)
 2 SYSTEMPATH\Entity\Entity.php(453): App\Entities\User->setPassword('ladygaga123')
 3 SYSTEMPATH\Entity\Entity.php(140): CodeIgniter\Entity\Entity->__set('password', 'ladygaga123')
 4 SYSTEMPATH\Entity\Entity.php(121): CodeIgniter\Entity\Entity->fill([...])
 5 APPPATH\Controllers\Home.php(25): CodeIgniter\Entity\Entity->__construct([...])
 6 SYSTEMPATH\CodeIgniter.php(934): App\Controllers\Home->index()
 7 SYSTEMPATH\CodeIgniter.php(499): CodeIgniter\CodeIgniter->runController(Object(App\Controllers\Home))
 8 SYSTEMPATH\CodeIgniter.php(368): CodeIgniter\CodeIgniter->handleRequest(null, Object(Config\Cache), false)
 9 FCPATH\index.php(67): CodeIgniter\CodeIgniter->run()
CRITICAL - 2023-05-18 11:43:29 --> Indirect modification of overloaded property App\Entities\User::$atributes has no effect
in APPPATH\Entities\User.php on line 10.
 1 APPPATH\Entities\User.php(10): CodeIgniter\Debug\Exceptions->errorHandler(8, 'Indirect modification of overloaded property App\\Entities\\User::$atributes has no effect', 'C:\\xampp\\htdocs\\lite_myc\\app\\Entities\\User.php', 10)
 2 SYSTEMPATH\Entity\Entity.php(453): App\Entities\User->setPassword('ladygaga123')
 3 SYSTEMPATH\Entity\Entity.php(140): CodeIgniter\Entity\Entity->__set('password', 'ladygaga123')
 4 SYSTEMPATH\Entity\Entity.php(121): CodeIgniter\Entity\Entity->fill([...])
 5 APPPATH\Controllers\Home.php(25): CodeIgniter\Entity\Entity->__construct([...])
 6 SYSTEMPATH\CodeIgniter.php(934): App\Controllers\Home->index()
 7 SYSTEMPATH\CodeIgniter.php(499): CodeIgniter\CodeIgniter->runController(Object(App\Controllers\Home))
 8 SYSTEMPATH\CodeIgniter.php(368): CodeIgniter\CodeIgniter->handleRequest(null, Object(Config\Cache), false)
 9 FCPATH\index.php(67): CodeIgniter\CodeIgniter->run()
CRITICAL - 2023-05-18 11:43:45 --> syntax error, unexpected token "&", expecting identifier or variable or "{" or "$"
in APPPATH\Entities\User.php on line 10.
 1 SYSTEMPATH\Autoloader\Autoloader.php(289): CodeIgniter\Autoloader\Autoloader->includeFile('C:\\xampp\\htdocs\\lite_myc\\app\\Entities\\User.php')
 2 SYSTEMPATH\Autoloader\Autoloader.php(267): CodeIgniter\Autoloader\Autoloader->loadInNamespace('App\\Entities\\User')
 3 APPPATH\Controllers\Home.php(25): CodeIgniter\Autoloader\Autoloader->loadClass('App\\Entities\\User')
 4 SYSTEMPATH\CodeIgniter.php(934): App\Controllers\Home->index()
 5 SYSTEMPATH\CodeIgniter.php(499): CodeIgniter\CodeIgniter->runController(Object(App\Controllers\Home))
 6 SYSTEMPATH\CodeIgniter.php(368): CodeIgniter\CodeIgniter->handleRequest(null, Object(Config\Cache), false)
 7 FCPATH\index.php(67): CodeIgniter\CodeIgniter->run()
CRITICAL - 2023-05-18 11:48:19 --> Trying to access array offset on value of type null
in APPPATH\Entities\User.php on line 10.
 1 APPPATH\Entities\User.php(10): CodeIgniter\Debug\Exceptions->errorHandler(2, 'Trying to access array offset on value of type null', 'C:\\xampp\\htdocs\\lite_myc\\app\\Entities\\User.php', 10)
 2 SYSTEMPATH\Entity\Entity.php(493): App\Entities\User->getPassword()
 3 APPPATH\Controllers\Home.php(26): CodeIgniter\Entity\Entity->__get('password')
 4 SYSTEMPATH\CodeIgniter.php(934): App\Controllers\Home->index()
 5 SYSTEMPATH\CodeIgniter.php(499): CodeIgniter\CodeIgniter->runController(Object(App\Controllers\Home))
 6 SYSTEMPATH\CodeIgniter.php(368): CodeIgniter\CodeIgniter->handleRequest(null, Object(Config\Cache), false)
 7 FCPATH\index.php(67): CodeIgniter\CodeIgniter->run()
CRITICAL - 2023-05-18 11:56:02 --> Call to undefined function App\Controllers\generateUsername()
in APPPATH\Controllers\Home.php on line 28.
 1 SYSTEMPATH\CodeIgniter.php(934): App\Controllers\Home->index()
 2 SYSTEMPATH\CodeIgniter.php(499): CodeIgniter\CodeIgniter->runController(Object(App\Controllers\Home))
 3 SYSTEMPATH\CodeIgniter.php(368): CodeIgniter\CodeIgniter->handleRequest(null, Object(Config\Cache), false)
 4 FCPATH\index.php(67): CodeIgniter\CodeIgniter->run()
CRITICAL - 2023-05-18 11:56:26 --> Call to undefined function App\Controllers\generateUsername()
in APPPATH\Controllers\Home.php on line 28.
 1 SYSTEMPATH\CodeIgniter.php(934): App\Controllers\Home->index()
 2 SYSTEMPATH\CodeIgniter.php(499): CodeIgniter\CodeIgniter->runController(Object(App\Controllers\Home))
 3 SYSTEMPATH\CodeIgniter.php(368): CodeIgniter\CodeIgniter->handleRequest(null, Object(Config\Cache), false)
 4 FCPATH\index.php(67): CodeIgniter\CodeIgniter->run()
CRITICAL - 2023-05-18 11:56:37 --> Call to undefined function App\Controllers\generateUsername()
in APPPATH\Controllers\Home.php on line 28.
 1 SYSTEMPATH\CodeIgniter.php(934): App\Controllers\Home->index()
 2 SYSTEMPATH\CodeIgniter.php(499): CodeIgniter\CodeIgniter->runController(Object(App\Controllers\Home))
 3 SYSTEMPATH\CodeIgniter.php(368): CodeIgniter\CodeIgniter->handleRequest(null, Object(Config\Cache), false)
 4 FCPATH\index.php(67): CodeIgniter\CodeIgniter->run()
